<?xml version="1.0" encoding="utf-8"?><testsuites name="pytest tests"><testsuite name="pytest" errors="0" failures="0" skipped="0" tests="8" time="4.418" timestamp="2026-04-26T14:57:49.449756+00:00" hostname="agent-env-392eeebb-38e3-4211-9f32-b8db9b2cfbaa"><testcase classname="backend.tests.backend_test" name="test_login_wrong_password" time="0.485" /><testcase classname="backend.tests.backend_test" name="test_me_no_token" time="0.139" /><testcase classname="backend.tests.backend_test" name="test_me_with_token" time="0.466" /><testcase classname="backend.tests.backend_test" name="test_artist_crud" time="0.936" /><testcase classname="backend.tests.backend_test" name="test_auction_lot_flow" time="1.216" /><testcase classname="backend.tests.backend_test" name="test_admin_lots_requires_auth" time="0.131" /><testcase classname="backend.tests.backend_test" name="test_newsletter_dedupe" time="0.596" /><testcase classname="backend.tests.backend_test" name="test_contact_flow" time="0.317" /></testsuite></testsuites>