<?xml version="1.0" encoding="utf-8"?><testsuites name="pytest tests"><testsuite name="pytest" errors="0" failures="0" skipped="0" tests="16" time="6.392" timestamp="2026-04-26T15:28:11.539966+00:00" hostname="agent-env-392eeebb-38e3-4211-9f32-b8db9b2cfbaa"><testcase classname="backend.tests.backend_test" name="test_login_wrong_password" time="0.478" /><testcase classname="backend.tests.backend_test" name="test_me_no_token" time="0.158" /><testcase classname="backend.tests.backend_test" name="test_me_with_token" time="0.469" /><testcase classname="backend.tests.backend_test" name="test_artist_crud" time="0.965" /><testcase classname="backend.tests.backend_test" name="test_auction_lot_flow" time="1.127" /><testcase classname="backend.tests.backend_test" name="test_admin_lots_requires_auth" time="0.151" /><testcase classname="backend.tests.backend_test" name="test_newsletter_dedupe" time="0.604" /><testcase classname="backend.tests.backend_test" name="test_contact_flow" time="0.327" /><testcase classname="backend.tests.backend_test" name="test_cloudinary_signature_no_auth" time="0.126" /><testcase classname="backend.tests.backend_test" name="test_cloudinary_signature_unconfigured" time="0.106" /><testcase classname="backend.tests.backend_test" name="test_cloudinary_signature_invalid_folder" time="0.111" /><testcase classname="backend.tests.backend_test" name="test_newsletter_send_no_auth" time="0.102" /><testcase classname="backend.tests.backend_test" name="test_newsletter_send_unconfigured_smtp" time="0.106" /><testcase classname="backend.tests.backend_test" name="test_rsvp_create_and_persist" time="0.781" /><testcase classname="backend.tests.backend_test" name="test_rsvp_nonexistent_auction" time="0.106" /><testcase classname="backend.tests.backend_test" name="test_rsvp_persists_after_auction_delete" time="0.558" /></testsuite></testsuites>